[0318:031C][2025-07-10T14:23:33]i001: Burn v3.14.1.8722, Windows v10.0 (Build 19043: Service Pack 0), path: C:\users\vincentn\AppData\Local\Temp\{5EEEECAB-A923-4D5F-A967-061CB9761831}\.cr\vc_redist.x64.exe
[0318:031C][2025-07-10T14:23:33]i009: Command Line: '-burn.clean.room=D:\home\vincentn\remarkable\vc_redist.x64.exe -burn.filehandle.attached=220 -burn.filehandle.self=224 /quiet /norestart'
[0318:031C][2025-07-10T14:23:33]i000: Setting string variable 'WixBundleOriginalSource' to value 'D:\home\vincentn\remarkable\vc_redist.x64.exe'
[0318:031C][2025-07-10T14:23:33]i000: Setting string variable 'WixBundleOriginalSourceFolder' to value 'D:\home\vincentn\remarkable\'
[0318:031C][2025-07-10T14:23:33]i000: Setting string variable 'WixBundleLog' to value 'C:\users\vincentn\AppData\Local\Temp\dd_vcredist_amd64_20250710142333.log'
[0318:031C][2025-07-10T14:23:33]i000: Setting string variable 'WixBundleName' to value 'Microsoft Visual C++ 2015-2022 Redistributable (x64) - 14.42.34438'
[0318:031C][2025-07-10T14:23:33]i000: Setting string variable 'WixBundleManufacturer' to value 'Microsoft Corporation'
[0318:032C][2025-07-10T14:23:33]i000: Setting version variable 'WixBundleFileVersion' to value '14.42.34438.0'
[0318:031C][2025-07-10T14:23:33]i100: Detect begin, 11 packages
[0318:031C][2025-07-10T14:23:33]i000: Setting string variable 'Arm64_Check' to value 'AMD64'
[0318:031C][2025-07-10T14:23:33]i000: Setting version variable 'windows_uCRT_DetectKey' to value '10.0.14393.2247'
[0318:031C][2025-07-10T14:23:33]i000: Setting numeric variable 'windows_uCRT_DetectKeyExists' to value 1
[0318:031C][2025-07-10T14:23:33]i052: Condition '(VersionNT = v6.3 AND NOT VersionNT64) AND (windows_uCRT_DetectKeyExists AND windows_uCRT_DetectKey >= v10.0.10240.0)' evaluates to false.
[0318:031C][2025-07-10T14:23:33]i052: Condition '(VersionNT = v6.3 AND VersionNT64) AND (windows_uCRT_DetectKeyExists AND windows_uCRT_DetectKey >= v10.0.10240.0)' evaluates to false.
[0318:031C][2025-07-10T14:23:33]i052: Condition '(VersionNT = v6.2 AND NOT VersionNT64) AND (windows_uCRT_DetectKeyExists AND windows_uCRT_DetectKey >= v10.0.10240.0)' evaluates to false.
[0318:031C][2025-07-10T14:23:33]i052: Condition '(VersionNT = v6.2 AND VersionNT64) AND (windows_uCRT_DetectKeyExists AND windows_uCRT_DetectKey >= v10.0.10240.0)' evaluates to false.
[0318:031C][2025-07-10T14:23:33]i052: Condition '(VersionNT = v6.1 AND NOT VersionNT64) AND (windows_uCRT_DetectKeyExists AND windows_uCRT_DetectKey >= v10.0.10240.0)' evaluates to false.
[0318:031C][2025-07-10T14:23:33]i052: Condition '(VersionNT = v6.1 AND VersionNT64) AND (windows_uCRT_DetectKeyExists AND windows_uCRT_DetectKey >= v10.0.10240.0)' evaluates to false.
[0318:031C][2025-07-10T14:23:33]i052: Condition '(VersionNT = v6.0 AND NOT VersionNT64) AND (windows_uCRT_DetectKeyExists AND windows_uCRT_DetectKey >= v10.0.10240.0)' evaluates to false.
[0318:031C][2025-07-10T14:23:33]i052: Condition '(VersionNT = v6.0 AND VersionNT64) AND (windows_uCRT_DetectKeyExists AND windows_uCRT_DetectKey >= v10.0.10240.0)' evaluates to false.
[0318:031C][2025-07-10T14:23:33]i101: Detected package: Windows81_x86, state: Absent, cached: None
[0318:031C][2025-07-10T14:23:33]i101: Detected package: Windows81_x64, state: Absent, cached: None
[0318:031C][2025-07-10T14:23:33]i101: Detected package: Windows8_x86, state: Absent, cached: None
[0318:031C][2025-07-10T14:23:33]i101: Detected package: Windows8_x64, state: Absent, cached: None
[0318:031C][2025-07-10T14:23:33]i101: Detected package: Windows7_MSU_x86, state: Absent, cached: None
[0318:031C][2025-07-10T14:23:33]i101: Detected package: Windows7_MSU_x64, state: Absent, cached: None
[0318:031C][2025-07-10T14:23:33]i101: Detected package: WindowsVista_MSU_x86, state: Absent, cached: None
[0318:031C][2025-07-10T14:23:33]i101: Detected package: WindowsVista_MSU_x64, state: Absent, cached: None
[0318:031C][2025-07-10T14:23:33]i101: Detected package: vcRuntimeMinimum_x64, state: Absent, cached: None
[0318:031C][2025-07-10T14:23:33]i101: Detected package: vcRuntimeAdditional_x64, state: Absent, cached: None
[0318:031C][2025-07-10T14:23:33]i101: Detected package: vcRuntime_arm64, state: Absent, cached: None
[0318:031C][2025-07-10T14:23:33]i052: Condition 'VersionNT >= v6.1' evaluates to true.
[0318:031C][2025-07-10T14:23:33]i199: Detect complete, result: 0x0
[0318:031C][2025-07-10T14:23:33]i200: Plan begin, 11 packages, action: Install
[0318:031C][2025-07-10T14:23:33]i052: Condition 'VersionNT = v6.3 AND NOT VersionNT64' evaluates to false.
[0318:031C][2025-07-10T14:23:33]w321: Skipping dependency registration on package with no dependency providers: Windows81_x86
[0318:031C][2025-07-10T14:23:33]i052: Condition 'VersionNT = v6.3 AND VersionNT64' evaluates to false.
[0318:031C][2025-07-10T14:23:33]w321: Skipping dependency registration on package with no dependency providers: Windows81_x64
[0318:031C][2025-07-10T14:23:33]i052: Condition 'VersionNT = v6.2 AND NOT VersionNT64' evaluates to false.
[0318:031C][2025-07-10T14:23:33]w321: Skipping dependency registration on package with no dependency providers: Windows8_x86
[0318:031C][2025-07-10T14:23:33]i052: Condition 'VersionNT = v6.2 AND VersionNT64' evaluates to false.
[0318:031C][2025-07-10T14:23:33]w321: Skipping dependency registration on package with no dependency providers: Windows8_x64
[0318:031C][2025-07-10T14:23:33]i052: Condition 'VersionNT = v6.1 AND NOT VersionNT64' evaluates to false.
[0318:031C][2025-07-10T14:23:33]w321: Skipping dependency registration on package with no dependency providers: Windows7_MSU_x86
[0318:031C][2025-07-10T14:23:33]i052: Condition 'VersionNT = v6.1 AND VersionNT64' evaluates to false.
[0318:031C][2025-07-10T14:23:33]w321: Skipping dependency registration on package with no dependency providers: Windows7_MSU_x64
[0318:031C][2025-07-10T14:23:33]i052: Condition 'VersionNT = v6.0 AND NOT VersionNT64' evaluates to false.
[0318:031C][2025-07-10T14:23:33]w321: Skipping dependency registration on package with no dependency providers: WindowsVista_MSU_x86
[0318:031C][2025-07-10T14:23:33]i052: Condition 'VersionNT = v6.0 AND VersionNT64' evaluates to false.
[0318:031C][2025-07-10T14:23:33]w321: Skipping dependency registration on package with no dependency providers: WindowsVista_MSU_x64
[0318:031C][2025-07-10T14:23:33]i052: Condition '(VersionNT64) AND NOT (Arm64_Check = "ARM64")' evaluates to true.
[0318:031C][2025-07-10T14:23:33]i000: Setting string variable 'WixBundleRollbackLog_vcRuntimeMinimum_x64' to value 'C:\users\vincentn\AppData\Local\Temp\dd_vcredist_amd64_20250710142333_000_vcRuntimeMinimum_x64_rollback.log'
[0318:031C][2025-07-10T14:23:33]i000: Setting string variable 'WixBundleLog_vcRuntimeMinimum_x64' to value 'C:\users\vincentn\AppData\Local\Temp\dd_vcredist_amd64_20250710142333_000_vcRuntimeMinimum_x64.log'
[0318:031C][2025-07-10T14:23:33]i052: Condition '(VersionNT64) AND NOT (Arm64_Check = "ARM64")' evaluates to true.
[0318:031C][2025-07-10T14:23:33]i000: Setting string variable 'WixBundleRollbackLog_vcRuntimeAdditional_x64' to value 'C:\users\vincentn\AppData\Local\Temp\dd_vcredist_amd64_20250710142333_001_vcRuntimeAdditional_x64_rollback.log'
[0318:031C][2025-07-10T14:23:33]i000: Setting string variable 'WixBundleLog_vcRuntimeAdditional_x64' to value 'C:\users\vincentn\AppData\Local\Temp\dd_vcredist_amd64_20250710142333_001_vcRuntimeAdditional_x64.log'
[0318:031C][2025-07-10T14:23:33]i052: Condition 'Arm64_Check = "ARM64"' evaluates to false.
[0318:031C][2025-07-10T14:23:33]i201: Planned package: Windows81_x86, state: Absent, default requested: Absent, ba requested: Absent, execute: None, rollback: None, cache: No, uncache: No, dependency: None
[0318:031C][2025-07-10T14:23:33]i201: Planned package: Windows81_x64, state: Absent, default requested: Absent, ba requested: Absent, execute: None, rollback: None, cache: No, uncache: No, dependency: None
[0318:031C][2025-07-10T14:23:33]i201: Planned package: Windows8_x86, state: Absent, default requested: Absent, ba requested: Absent, execute: None, rollback: None, cache: No, uncache: No, dependency: None
[0318:031C][2025-07-10T14:23:33]i201: Planned package: Windows8_x64, state: Absent, default requested: Absent, ba requested: Absent, execute: None, rollback: None, cache: No, uncache: No, dependency: None
[0318:031C][2025-07-10T14:23:33]i201: Planned package: Windows7_MSU_x86, state: Absent, default requested: Absent, ba requested: Absent, execute: None, rollback: None, cache: No, uncache: No, dependency: None
[0318:031C][2025-07-10T14:23:33]i201: Planned package: Windows7_MSU_x64, state: Absent, default requested: Absent, ba requested: Absent, execute: None, rollback: None, cache: No, uncache: No, dependency: None
[0318:031C][2025-07-10T14:23:33]i201: Planned package: WindowsVista_MSU_x86, state: Absent, default requested: Absent, ba requested: Absent, execute: None, rollback: None, cache: No, uncache: No, dependency: None
[0318:031C][2025-07-10T14:23:33]i201: Planned package: WindowsVista_MSU_x64, state: Absent, default requested: Absent, ba requested: Absent, execute: None, rollback: None, cache: No, uncache: No, dependency: None
[0318:031C][2025-07-10T14:23:33]i201: Planned package: vcRuntimeMinimum_x64, state: Absent, default requested: Present, ba requested: Present, execute: Install, rollback: Uninstall, cache: Yes, uncache: No, dependency: Register
[0318:031C][2025-07-10T14:23:33]i201: Planned package: vcRuntimeAdditional_x64, state: Absent, default requested: Present, ba requested: Present, execute: Install, rollback: Uninstall, cache: Yes, uncache: No, dependency: Register
[0318:031C][2025-07-10T14:23:33]i201: Planned package: vcRuntime_arm64, state: Absent, default requested: Absent, ba requested: Absent, execute: None, rollback: None, cache: No, uncache: No, dependency: None
[0318:031C][2025-07-10T14:23:33]i299: Plan complete, result: 0x0
[0318:031C][2025-07-10T14:23:33]i300: Apply begin
[0318:031C][2025-07-10T14:23:33]i010: Launching elevated engine process.
[0318:031C][2025-07-10T14:23:33]i011: Launched elevated engine process.
[0318:031C][2025-07-10T14:23:33]i012: Connected to elevated engine.
[0338:033C][2025-07-10T14:23:33]i358: Pausing automatic updates.
[0338:033C][2025-07-10T14:23:33]i359: Paused automatic updates.
[0338:033C][2025-07-10T14:23:33]i360: Creating a system restore point.
[0338:033C][2025-07-10T14:23:33]i362: System restore disabled, system restore point not created.
[0338:033C][2025-07-10T14:23:33]i370: Session begin, registration key: SOFTWARE\Microsoft\Windows\CurrentVersion\Uninstall\{b49c10dd-4d54-45f8-ad13-fa25704456a4}, options: 0x7, disable resume: No
[0338:033C][2025-07-10T14:23:33]i000: Caching bundle from: 'C:\users\vincentn\AppData\Local\Temp\{F4910CD4-AF2A-466F-9F4C-4354364F167E}\.be\VC_redist.x64.exe' to: 'C:\ProgramData\Package Cache\{b49c10dd-4d54-45f8-ad13-fa25704456a4}\VC_redist.x64.exe'
[0338:033C][2025-07-10T14:23:33]i320: Registering bundle dependency provider: VC,redist.x64,amd64,14.42,bundle, version: 14.42.34438.0
[0338:033C][2025-07-10T14:23:33]i371: Updating session, registration key: SOFTWARE\Microsoft\Windows\CurrentVersion\Uninstall\{b49c10dd-4d54-45f8-ad13-fa25704456a4}, resume: Active, restart initiated: No, disable resume: No
[0338:0350][2025-07-10T14:23:33]i305: Verified acquired payload: vcRuntimeMinimum_x64 at path: C:\ProgramData\Package Cache\.unverified\vcRuntimeMinimum_x64, moving to: C:\ProgramData\Package Cache\{2E15F519-4FDA-4834-B4EE-7EFCE7D8D4EE}v14.42.34438\packages\vcRuntimeMinimum_amd64\vc_runtimeMinimum_x64.msi.
[0338:0350][2025-07-10T14:23:33]i305: Verified acquired payload: cab5046A8AB272BF37297BB7928664C9503 at path: C:\ProgramData\Package Cache\.unverified\cab5046A8AB272BF37297BB7928664C9503, moving to: C:\ProgramData\Package Cache\{2E15F519-4FDA-4834-B4EE-7EFCE7D8D4EE}v14.42.34438\packages\vcRuntimeMinimum_amd64\cab1.cab.
[0338:0350][2025-07-10T14:23:33]i305: Verified acquired payload: vcRuntimeAdditional_x64 at path: C:\ProgramData\Package Cache\.unverified\vcRuntimeAdditional_x64, moving to: C:\ProgramData\Package Cache\{E528AD94-12D7-42C4-91A3-908BE28E9BD2}v14.42.34438\packages\vcRuntimeAdditional_amd64\vc_runtimeAdditional_x64.msi.
[0338:0350][2025-07-10T14:23:33]i305: Verified acquired payload: cab2C04DDC374BD96EB5C8EB8208F2C7C92 at path: C:\ProgramData\Package Cache\.unverified\cab2C04DDC374BD96EB5C8EB8208F2C7C92, moving to: C:\ProgramData\Package Cache\{E528AD94-12D7-42C4-91A3-908BE28E9BD2}v14.42.34438\packages\vcRuntimeAdditional_amd64\cab1.cab.
[0338:033C][2025-07-10T14:23:33]i301: Applying execute package: vcRuntimeMinimum_x64, action: Install, path: C:\ProgramData\Package Cache\{2E15F519-4FDA-4834-B4EE-7EFCE7D8D4EE}v14.42.34438\packages\vcRuntimeMinimum_amd64\vc_runtimeMinimum_x64.msi, arguments: ' MSIFASTINSTALL="7" NOVSUI="1"'
[0318:031C][2025-07-10T14:23:34]i319: Applied execute package: vcRuntimeMinimum_x64, result: 0x0, restart: None
[0338:033C][2025-07-10T14:23:34]i325: Registering dependency: {b49c10dd-4d54-45f8-ad13-fa25704456a4} on package provider: Microsoft.VS.VC_RuntimeMinimumVSU_amd64,v14, package: vcRuntimeMinimum_x64
[0338:033C][2025-07-10T14:23:34]i301: Applying execute package: vcRuntimeAdditional_x64, action: Install, path: C:\ProgramData\Package Cache\{E528AD94-12D7-42C4-91A3-908BE28E9BD2}v14.42.34438\packages\vcRuntimeAdditional_amd64\vc_runtimeAdditional_x64.msi, arguments: ' MSIFASTINSTALL="7" NOVSUI="1"'
[0318:031C][2025-07-10T14:23:34]i319: Applied execute package: vcRuntimeAdditional_x64, result: 0x0, restart: None
[0338:033C][2025-07-10T14:23:34]i325: Registering dependency: {b49c10dd-4d54-45f8-ad13-fa25704456a4} on package provider: Microsoft.VS.VC_RuntimeAdditionalVSU_amd64,v14, package: vcRuntimeAdditional_x64
[0338:033C][2025-07-10T14:23:34]i372: Session end, registration key: SOFTWARE\Microsoft\Windows\CurrentVersion\Uninstall\{b49c10dd-4d54-45f8-ad13-fa25704456a4}, resume: ARP, restart: None, disable resume: No
[0338:033C][2025-07-10T14:23:34]i371: Updating session, registration key: SOFTWARE\Microsoft\Windows\CurrentVersion\Uninstall\{b49c10dd-4d54-45f8-ad13-fa25704456a4}, resume: ARP, restart initiated: No, disable resume: No
[0318:031C][2025-07-10T14:23:34]i399: Apply complete, result: 0x0, restart: None, ba requested restart:  No
[0318:031C][2025-07-10T14:23:34]i500: Shutting down, exit code: 0x0
[0318:031C][2025-07-10T14:23:34]i410: Variable: Arm64_Check = AMD64
[0318:031C][2025-07-10T14:23:34]i410: Variable: SystemFolder = C:\windows\syswow64\
[0318:031C][2025-07-10T14:23:34]i410: Variable: VersionNT = 10.0.0.0
[0318:031C][2025-07-10T14:23:34]i410: Variable: VersionNT64 = 10.0.0.0
[0318:031C][2025-07-10T14:23:34]i410: Variable: windows_uCRT_DetectKey = 10.0.14393.2247
[0318:031C][2025-07-10T14:23:34]i410: Variable: windows_uCRT_DetectKeyExists = 1
[0318:031C][2025-07-10T14:23:34]i410: Variable: WixBundleAction = 5
[0318:031C][2025-07-10T14:23:34]i410: Variable: WixBundleElevated = 1
[0318:031C][2025-07-10T14:23:34]i410: Variable: WixBundleFileVersion = 14.42.34438.0
[0318:031C][2025-07-10T14:23:34]i410: Variable: WixBundleInstalled = 0
[0318:031C][2025-07-10T14:23:34]i410: Variable: WixBundleLog = C:\users\vincentn\AppData\Local\Temp\dd_vcredist_amd64_20250710142333.log
[0318:031C][2025-07-10T14:23:34]i410: Variable: WixBundleLog_vcRuntimeAdditional_x64 = C:\users\vincentn\AppData\Local\Temp\dd_vcredist_amd64_20250710142333_001_vcRuntimeAdditional_x64.log
[0318:031C][2025-07-10T14:23:34]i410: Variable: WixBundleLog_vcRuntimeMinimum_x64 = C:\users\vincentn\AppData\Local\Temp\dd_vcredist_amd64_20250710142333_000_vcRuntimeMinimum_x64.log
[0318:031C][2025-07-10T14:23:34]i410: Variable: WixBundleManufacturer = Microsoft Corporation
[0318:031C][2025-07-10T14:23:34]i410: Variable: WixBundleName = Microsoft Visual C++ 2015-2022 Redistributable (x64) - 14.42.34438
[0318:031C][2025-07-10T14:23:34]i410: Variable: WixBundleOriginalSource = D:\home\vincentn\remarkable\vc_redist.x64.exe
[0318:031C][2025-07-10T14:23:34]i410: Variable: WixBundleOriginalSourceFolder = D:\home\vincentn\remarkable\
[0318:031C][2025-07-10T14:23:34]i410: Variable: WixBundleProviderKey = VC,redist.x64,amd64,14.42,bundle
[0318:031C][2025-07-10T14:23:34]i410: Variable: WixBundleRollbackLog_vcRuntimeAdditional_x64 = C:\users\vincentn\AppData\Local\Temp\dd_vcredist_amd64_20250710142333_001_vcRuntimeAdditional_x64_rollback.log
[0318:031C][2025-07-10T14:23:34]i410: Variable: WixBundleRollbackLog_vcRuntimeMinimum_x64 = C:\users\vincentn\AppData\Local\Temp\dd_vcredist_amd64_20250710142333_000_vcRuntimeMinimum_x64_rollback.log
[0318:031C][2025-07-10T14:23:34]i410: Variable: WixBundleSourceProcessFolder = D:\home\vincentn\remarkable\
[0318:031C][2025-07-10T14:23:34]i410: Variable: WixBundleSourceProcessPath = D:\home\vincentn\remarkable\vc_redist.x64.exe
[0318:031C][2025-07-10T14:23:34]i410: Variable: WixBundleTag = 
[0318:031C][2025-07-10T14:23:34]i410: Variable: WixBundleUILevel = 2
[0318:031C][2025-07-10T14:23:34]i410: Variable: WixBundleVersion = 14.42.34438.0
[0318:031C][2025-07-10T14:23:34]i007: Exit code: 0x0, restarting: No
